<?xml version="1.0" encoding="UTF-8"?>
<!-- Generated by org.testng.reporters.JUnitXMLReporter -->
<testsuite ignored="0" hostname="FATIH_YUKSEL_PC" failures="0" tests="5" name="classlar" time="56.321" errors="0" timestamp="2023-02-02T08:17:36 TRT">
  <testcase classname="tests.day16_Priority_DepensOnMethod_BeforeAfter.C03_Priority" name="hepsiburadaTest" time="9.321"/>
  <testcase classname="tests.day16_Priority_DepensOnMethod_BeforeAfter.C03_Priority" name="bestbuyTest" time="1.271"/>
  <testcase classname="tests.day16_Priority_DepensOnMethod_BeforeAfter.C03_Priority" name="youtubeTest" time="4.951"/>
  <testcase classname="tests.day16_Priority_DepensOnMethod_BeforeAfter.C03_Priority" name="amazonTest" time="3.72"/>
  <testcase classname="tests.day17_DependsOnMethod_SoftAssert_OOP.C03_SoftAssert" name="test01" time="10.333"/>
</testsuite> <!-- classlar -->
