<?xml version="1.0" encoding="UTF-8"?>
<!-- Generated by org.testng.reporters.JUnitXMLReporter -->
<testsuite ignored="0" hostname="FATIH_YUKSEL_PC" failures="0" tests="5" name="classlar" time="43.316" errors="0" timestamp="2023-02-01T14:43:07 TRT">
  <testcase classname="tests.day16_Priority_DepensOnMethod_BeforeAfter.C03_Priority" name="hepsiburadaTest" time="12.445"/>
  <testcase classname="tests.day16_Priority_DepensOnMethod_BeforeAfter.C03_Priority" name="bestbuyTest" time="1.629"/>
  <testcase classname="tests.day16_Priority_DepensOnMethod_BeforeAfter.C03_Priority" name="youtubeTest" time="4.637"/>
  <testcase classname="tests.day16_Priority_DepensOnMethod_BeforeAfter.C03_Priority" name="amazonTest" time="2.835"/>
  <testcase classname="tests.day17_DependsOnMethod_SoftAssert_OOP.C03_SoftAssert" name="test01" time="9.79"/>
</testsuite> <!-- classlar -->
