<?xml version="1.0" encoding="UTF-8"?>
<testng-results ignored="0" total="1" passed="1" failed="0" skipped="0">
  <reporter-output>
  </reporter-output>
  <suite started-at="2023-02-01T14:25:54 TRT" name="Command line suite" finished-at="2023-02-01T14:26:16 TRT" duration-ms="21805">
    <groups>
    </groups>
    <test started-at="2023-02-01T14:25:54 TRT" name="Command line test" finished-at="2023-02-01T14:26:16 TRT" duration-ms="21805">
      <class name="tests.day17_DependsOnMethod_SoftAssert_OOP.C04_DriverIlkTest">
        <test-method signature="test01()[pri:0, instance:tests.day17_DependsOnMethod_SoftAssert_OOP.C04_DriverIlkTest@2aece37d]" started-at="2023-02-01T14:25:54 TRT" name="test01" finished-at="2023-02-01T14:26:16 TRT" duration-ms="21769" status="PASS">
          <reporter-output>
          </reporter-output>
        </test-method> <!-- test01 -->
      </class> <!-- tests.day17_DependsOnMethod_SoftAssert_OOP.C04_DriverIlkTest -->
    </test> <!-- Command line test -->
  </suite> <!-- Command line suite -->
</testng-results>
