<?xml version="1.0" encoding="UTF-8"?>
<testng-results ignored="0" total="5" passed="5" failed="0" skipped="0">
  <reporter-output>
  </reporter-output>
  <suite started-at="2023-02-01T15:18:43 TRT" name="istenen class&#039;lari calistirma" finished-at="2023-02-01T15:19:29 TRT" duration-ms="45835">
    <groups>
      <group name="gp1">
        <method signature="C03_Priority.hepsiburadaTest()[pri:-1, instance:tests.day16_Priority_DepensOnMethod_BeforeAfter.C03_Priority@6e4784bc]" name="hepsiburadaTest" class="tests.day16_Priority_DepensOnMethod_BeforeAfter.C03_Priority"/>
      </group> <!-- gp1 -->
    </groups>
    <test started-at="2023-02-01T15:18:43 TRT" name="classlar" finished-at="2023-02-01T15:19:29 TRT" duration-ms="45835">
      <class name="tests.day17_DependsOnMethod_SoftAssert_OOP.C03_SoftAssert">
        <test-method is-config="true" signature="setup()[pri:0, instance:tests.day17_DependsOnMethod_SoftAssert_OOP.C03_SoftAssert@31c88ec8]" started-at="2023-02-01T15:19:15 TRT" name="setup" finished-at="2023-02-01T15:19:16 TRT" duration-ms="1427" status="PASS">
          <reporter-output>
          </reporter-output>
        </test-method> <!-- setup -->
        <test-method signature="test01()[pri:0, instance:tests.day17_DependsOnMethod_SoftAssert_OOP.C03_SoftAssert@31c88ec8]" started-at="2023-02-01T15:19:16 TRT" name="test01" finished-at="2023-02-01T15:19:28 TRT" duration-ms="12124" status="PASS">
          <reporter-output>
          </reporter-output>
        </test-method> <!-- test01 -->
        <test-method is-config="true" signature="tearDown()[pri:0, instance:tests.day17_DependsOnMethod_SoftAssert_OOP.C03_SoftAssert@31c88ec8]" started-at="2023-02-01T15:19:28 TRT" name="tearDown" finished-at="2023-02-01T15:19:29 TRT" duration-ms="244" status="PASS">
          <reporter-output>
          </reporter-output>
        </test-method> <!-- tearDown -->
      </class> <!-- tests.day17_DependsOnMethod_SoftAssert_OOP.C03_SoftAssert -->
      <class name="tests.day16_Priority_DepensOnMethod_BeforeAfter.C03_Priority">
        <test-method is-config="true" signature="setUp()[pri:0, instance:tests.day16_Priority_DepensOnMethod_BeforeAfter.C03_Priority@6e4784bc]" started-at="2023-02-01T15:18:43 TRT" name="setUp" finished-at="2023-02-01T15:18:47 TRT" duration-ms="3731" status="PASS">
          <reporter-output>
          </reporter-output>
        </test-method> <!-- setUp -->
        <test-method signature="hepsiburadaTest()[pri:-1, instance:tests.day16_Priority_DepensOnMethod_BeforeAfter.C03_Priority@6e4784bc]" started-at="2023-02-01T15:18:47 TRT" name="hepsiburadaTest" finished-at="2023-02-01T15:18:59 TRT" duration-ms="12089" status="PASS">
          <reporter-output>
          </reporter-output>
        </test-method> <!-- hepsiburadaTest -->
        <test-method is-config="true" signature="tearDown()[pri:0, instance:tests.day16_Priority_DepensOnMethod_BeforeAfter.C03_Priority@6e4784bc]" started-at="2023-02-01T15:18:59 TRT" name="tearDown" finished-at="2023-02-01T15:18:59 TRT" duration-ms="324" status="PASS">
          <reporter-output>
          </reporter-output>
        </test-method> <!-- tearDown -->
        <test-method is-config="true" signature="setUp()[pri:0, instance:tests.day16_Priority_DepensOnMethod_BeforeAfter.C03_Priority@6e4784bc]" started-at="2023-02-01T15:18:59 TRT" name="setUp" finished-at="2023-02-01T15:19:01 TRT" duration-ms="1736" status="PASS">
          <reporter-output>
          </reporter-output>
        </test-method> <!-- setUp -->
        <test-method signature="bestbuyTest()[pri:0, instance:tests.day16_Priority_DepensOnMethod_BeforeAfter.C03_Priority@6e4784bc]" started-at="2023-02-01T15:19:01 TRT" name="bestbuyTest" finished-at="2023-02-01T15:19:02 TRT" duration-ms="1346" status="PASS">
          <reporter-output>
          </reporter-output>
        </test-method> <!-- bestbuyTest -->
        <test-method is-config="true" signature="tearDown()[pri:0, instance:tests.day16_Priority_DepensOnMethod_BeforeAfter.C03_Priority@6e4784bc]" started-at="2023-02-01T15:19:02 TRT" name="tearDown" finished-at="2023-02-01T15:19:02 TRT" duration-ms="164" status="PASS">
          <reporter-output>
          </reporter-output>
        </test-method> <!-- tearDown -->
        <test-method is-config="true" signature="setUp()[pri:0, instance:tests.day16_Priority_DepensOnMethod_BeforeAfter.C03_Priority@6e4784bc]" started-at="2023-02-01T15:19:02 TRT" name="setUp" finished-at="2023-02-01T15:19:04 TRT" duration-ms="1407" status="PASS">
          <reporter-output>
          </reporter-output>
        </test-method> <!-- setUp -->
        <test-method signature="youtubeTest()[pri:1, instance:tests.day16_Priority_DepensOnMethod_BeforeAfter.C03_Priority@6e4784bc]" started-at="2023-02-01T15:19:04 TRT" name="youtubeTest" finished-at="2023-02-01T15:19:10 TRT" duration-ms="5893" status="PASS">
          <reporter-output>
          </reporter-output>
        </test-method> <!-- youtubeTest -->
        <test-method is-config="true" signature="tearDown()[pri:0, instance:tests.day16_Priority_DepensOnMethod_BeforeAfter.C03_Priority@6e4784bc]" started-at="2023-02-01T15:19:10 TRT" name="tearDown" finished-at="2023-02-01T15:19:10 TRT" duration-ms="258" status="PASS">
          <reporter-output>
          </reporter-output>
        </test-method> <!-- tearDown -->
        <test-method is-config="true" signature="setUp()[pri:0, instance:tests.day16_Priority_DepensOnMethod_BeforeAfter.C03_Priority@6e4784bc]" started-at="2023-02-01T15:19:10 TRT" name="setUp" finished-at="2023-02-01T15:19:11 TRT" duration-ms="1536" status="PASS">
          <reporter-output>
          </reporter-output>
        </test-method> <!-- setUp -->
        <test-method signature="amazonTest()[pri:2, instance:tests.day16_Priority_DepensOnMethod_BeforeAfter.C03_Priority@6e4784bc]" started-at="2023-02-01T15:19:11 TRT" name="amazonTest" finished-at="2023-02-01T15:19:15 TRT" duration-ms="3263" status="PASS">
          <reporter-output>
          </reporter-output>
        </test-method> <!-- amazonTest -->
        <test-method is-config="true" signature="tearDown()[pri:0, instance:tests.day16_Priority_DepensOnMethod_BeforeAfter.C03_Priority@6e4784bc]" started-at="2023-02-01T15:19:15 TRT" name="tearDown" finished-at="2023-02-01T15:19:15 TRT" duration-ms="255" status="PASS">
          <reporter-output>
          </reporter-output>
        </test-method> <!-- tearDown -->
      </class> <!-- tests.day16_Priority_DepensOnMethod_BeforeAfter.C03_Priority -->
    </test> <!-- classlar -->
  </suite> <!-- istenen class'lari calistirma -->
</testng-results>
